Building DAG of jobs...
Using shell: /usr/bin/bash
Provided cores: 1 (use --cores to define parallelism)
Rules claiming more threads will be scaled down.
Job counts:
	count	jobs
	1	run_script
	1
Select jobs to execute...

[Wed Jul 10 00:55:00 2024]
rule run_script:
    input: CARTOLAS_2024.lst
    output: CARTOLAS_2024.lst.report.html
    jobid: 0

Rscript finanzalo.R CARTOLAS_2024.lst
[Wed Jul 10 00:55:00 2024]
Error in rule run_script:
    jobid: 0
    output: CARTOLAS_2024.lst.report.html
    shell:
        Rscript finanzalo.R CARTOLAS_2024.lst
        (one of the commands exited with non-zero exit code; note that snakemake uses bash strict mode!)

Shutting down, this might take some time.
Exiting because a job execution failed. Look above for error message
Complete log: /home/felip/dump/finanzalo/.snakemake/log/2024-07-10T005459.625432.snakemake.log
